2020-04-12 22:00:33.7554 [DEBUG] Validating model...
2020-04-12 22:00:33.9972 [DEBUG] Model validated
2020-04-12 22:00:33.9972 [DEBUG] Authenticating with server...
2020-04-12 22:00:34.9024 [DEBUG] Connected to room. (121978:SceneFusion:SceneFusion)
2020-04-12 22:00:34.9064 [INFO] Connected to server.
2020-04-12 22:00:34.9074 [DEBUG] OS : Microsoft Windows NT 10.0.18362.0
2020-04-12 22:00:34.9074 [DEBUG] Unity Version : 2019.3.5f1
2020-04-12 22:00:34.9074 [DEBUG] Pro License : False
2020-04-12 22:00:34.9074 [DEBUG] Platform : WindowsEditor
2020-04-12 22:00:34.9154 [DEBUG] Build Target : StandaloneWindows64
2020-04-12 22:00:34.9154 [DEBUG] Scene Fusion version : 1.8.7
2020-04-12 22:00:34.9154 [DEBUG] Scene Fusion client build : 0
2020-04-12 22:00:34.9154 [DEBUG] User : jsmar34@gmail.com
2020-04-12 22:00:34.9154 [DEBUG] Waiting for server response
2020-04-12 22:00:34.9443 [DEBUG] Tier: Scene Fusion Free, Permissions: 00000200
2020-04-12 22:00:34.9443 [DEBUG] User Permissions: FFFFFFFF
2020-04-12 22:00:35.2475 [DEBUG] No stand-in for UnityEngine.MovieTexture
2020-04-12 22:00:35.2475 [DEBUG] No stand-in for UnityEngine.Experimental.Rendering.RayTracingShader
2020-04-12 22:00:35.2475 [DEBUG] No stand-in for UnityEngine.LocalizationAsset
2020-04-12 22:00:35.2475 [DEBUG] No stand-in for UnityEngine.ProceduralMaterial
2020-04-12 22:00:35.2475 [DEBUG] No stand-in for UnityEngine.ProceduralTexture
2020-04-12 22:00:35.2475 [DEBUG] No stand-in for UnityEngine.TerrainLayer
2020-04-12 22:00:35.2475 [DEBUG] No stand-in for UnityEngine.VFX.VisualEffectAsset
2020-04-12 22:00:35.2824 [WARNING] Cannot sync 'Skybox/Cubemap' (Material) because it is not in Unity's asset database.
2020-04-12 22:00:46.0200 [DEBUG] Uploading scene 'Playerl_Block_Scene'
2020-04-12 22:00:46.3828 [DEBUG] Compressing scene data
2020-04-12 22:00:46.8576 [DEBUG] Spawn request. (Objects: 305)
2020-04-12 22:00:47.4589 [DEBUG] Loading complete
2020-04-12 22:01:33.4879 [DEBUG] Disconnecting from room (121978:SceneFusion:SceneFusion)
2020-04-12 22:01:33.4909 [INFO] Disconnected from server.
2020-04-12 22:01:33.4909 [DEBUG] Disconnect. (Duration: 58)
